C:\USERS\IMEILIA\DOCUMENTS\VISUAL STUDIO 2012\PROJECTS\CVPROJECT\CVPROJECT\DEBUG\CVPROJECT.PCH
C:\USERS\IMEILIA\DOCUMENTS\VISUAL STUDIO 2012\PROJECTS\CVPROJECT\CVPROJECT\DEBUG\STDAFX.OBJ
C:\USERS\IMEILIA\DOCUMENTS\VISUAL STUDIO 2012\PROJECTS\CVPROJECT\CVPROJECT\DEBUG\VC110.PDB
C:\USERS\IMEILIA\DOCUMENTS\VISUAL STUDIO 2012\PROJECTS\CVPROJECT\CVPROJECT\DEBUG\CVPROJECT.OBJ
C:\USERS\IMEILIA\DOCUMENTS\VISUAL STUDIO 2012\PROJECTS\CVPROJECT\DEBUG\CVPROJECT.ILK
C:\USERS\IMEILIA\DOCUMENTS\VISUAL STUDIO 2012\PROJECTS\CVPROJECT\DEBUG\CVPROJECT.EXE
C:\USERS\IMEILIA\DOCUMENTS\VISUAL STUDIO 2012\PROJECTS\CVPROJECT\DEBUG\CVPROJECT.PDB
C:\Users\Imeilia\Documents\Visual Studio 2012\Projects\cvproject\cvproject\Debug\cvproject.obj
C:\Users\Imeilia\Documents\Visual Studio 2012\Projects\cvproject\cvproject\Debug\stdafx.obj
C:\Users\Imeilia\Documents\Visual Studio 2012\Projects\cvproject\cvproject\Debug\cl.command.1.tlog
C:\Users\Imeilia\Documents\Visual Studio 2012\Projects\cvproject\cvproject\Debug\CL.read.1.tlog
C:\Users\Imeilia\Documents\Visual Studio 2012\Projects\cvproject\cvproject\Debug\CL.write.1.tlog
C:\Users\Imeilia\Documents\Visual Studio 2012\Projects\cvproject\cvproject\Debug\link-cvtres.read.1.tlog
C:\Users\Imeilia\Documents\Visual Studio 2012\Projects\cvproject\cvproject\Debug\link-cvtres.write.1.tlog
C:\Users\Imeilia\Documents\Visual Studio 2012\Projects\cvproject\cvproject\Debug\link-rc.read.1.tlog
C:\Users\Imeilia\Documents\Visual Studio 2012\Projects\cvproject\cvproject\Debug\link-rc.write.1.tlog
C:\Users\Imeilia\Documents\Visual Studio 2012\Projects\cvproject\cvproject\Debug\link.command.1.tlog
C:\Users\Imeilia\Documents\Visual Studio 2012\Projects\cvproject\cvproject\Debug\link.read.1.tlog
C:\Users\Imeilia\Documents\Visual Studio 2012\Projects\cvproject\cvproject\Debug\link.write.1.tlog
C:\Users\Imeilia\Documents\Visual Studio 2012\Projects\cvproject\cvproject\Debug\cvproject.pch
C:\Users\Imeilia\Documents\Visual Studio 2012\Projects\cvproject\cvproject\Debug\vc110.idb
C:\Users\Imeilia\Documents\Visual Studio 2012\Projects\cvproject\cvproject\Debug\vc110.pdb
C:\Users\Imeilia\Documents\Visual Studio 2012\Projects\cvproject\Debug\cvproject.pdb
C:\Users\Imeilia\Documents\Visual Studio 2012\Projects\cvproject\Debug\cvproject.exe
C:\Users\Imeilia\Documents\Visual Studio 2012\Projects\cvproject\Debug\cvproject.ilk
